"../../../../../UnrealProjects/Noxel/Content/Textures/UI_CrosshairTexture.uasset" 0
"../../../../../UnrealProjects/Noxel/Content/NoxelEditor/PlayerEditor/HUDEditor.uasset" 1
"../../../Engine/Content/EngineMaterials/T_Default_Material_Grid_N.uasset" 2
"../../../Engine/Content/EngineMaterials/T_Default_Material_Grid_M.uasset" 3
"../../../Engine/Content/Functions/Engine_MaterialFunctions01/Opacity/CameraDepthFade.uasset" 4
"../../../Engine/Content/EngineMaterials/DefaultMaterial.uasset" 5
"../../../Engine/Content/BasicShapes/Sphere.uasset" 6
"../../../Engine/Content/BasicShapes/BasicShapeMaterial.uasset" 7
"../../../../../UnrealProjects/Noxel/Content/NoxelEditor/PlayerEditor/BP_EditorCharacter.uasset" 8
"../../../../../UnrealProjects/Noxel/Content/NoxelEditor/BP_NoxelEditorGameState.uasset" 9
"../../../../../UnrealProjects/Noxel/Content/NoxelEditor/NoxelEditorGameMode.uasset" 10
"../../../../../UnrealProjects/Noxel/Content/NoxelEditor/EditingGameMode.uasset" 11
"../../../../../UnrealProjects/Noxel/Content/Levels/EditingGameMode.uasset" 12
"../../../../../UnrealProjects/Noxel/Content/MainMenu/Buttons/Button_Highlight.uasset" 13
"../../../../../UnrealProjects/Noxel/Content/Materials/Glossy.uasset" 14
"../../../../../UnrealProjects/Noxel/Content/MainMenu/Buttons/Button_Body.uasset" 15
"../../../../../UnrealProjects/Noxel/Content/MainMenu/Buttons/Button_1x2.uasset" 16
"../../../../../UnrealProjects/Noxel/Content/MainMenu/Buttons/Button_1x3.uasset" 17
"../../../../../UnrealProjects/Noxel/Content/MainMenu/Buttons/Button_1x4.uasset" 18
"../../../../../UnrealProjects/Noxel/Content/Textures/Material_BrushedAluminiumSeamless.uasset" 19
"../../../../../UnrealProjects/Noxel/Content/Materials/AnodizedAluminium.uasset" 20
"../../../../../UnrealProjects/Noxel/Content/NoxelEditor/Macros/Textures/Connectors/Connector_In.uasset" 21
"../../../../../UnrealProjects/Noxel/Content/NoxelEditor/Macros/Textures/Connectors/Connector_Out.uasset" 22
"../../../../../UnrealProjects/Noxel/Content/NoxelEditor/Macros/Textures/Connectors/Connector_SPI.uasset" 23
"../../../../../UnrealProjects/Noxel/Content/Materials/Connector.uasset" 24
"../../../../../UnrealProjects/Noxel/Content/Materials/Landscape.uasset" 25
"../../../../../UnrealProjects/Noxel/Content/Materials/PlayerMaterial.uasset" 26
"../../../Engine/Content/Functions/Engine_MaterialFunctions02/ObjectLocalBounds.uasset" 27
"../../../Engine/Content/Functions/Engine_MaterialFunctions02/WorldPositionOffset/LocalPosition.uasset" 28
"../../../../../UnrealProjects/Noxel/Content/Materials/BuildingAnimation/BuildingAnimation.uasset" 29
"../../../Engine/Content/EditorBlueprintResources/StandardMacros.uasset" 30
"../../../../../UnrealProjects/Noxel/Content/Materials/BuildingAnimation/MaterialCap.uasset" 31
"../../../Engine/Content/EngineMaterials/WorldGridMaterial.uasset" 32
"../../../Engine/Content/BasicShapes/Plane.uasset" 33
"../../../../../UnrealProjects/Noxel/Content/Materials/BuildingAnimation/ConstructionCap.uasset" 34
"../../../../../UnrealProjects/Noxel/Content/Materials/Debug/DebugUnlit.uasset" 35
"../../../Engine/Content/Functions/Engine_MaterialFunctions01/Density/ExponentialDensity.uasset" 36
"../../../Engine/Content/Functions/Engine_MaterialFunctions01/Gradient/RadialGradientExponential.uasset" 37
"../../../../../UnrealProjects/Noxel/Content/Materials/Debug/GridDot.uasset" 38
"../../../Engine/Content/EngineMaterials/DefaultDiffuse.uasset" 39
"../../../Engine/Content/Functions/Engine_MaterialFunctions01/Texturing/TextureCropping.uasset" 40
"../../../Engine/Content/Functions/Engine_MaterialFunctions01/Texturing/ComputeMipLevel.uasset" 41
"../../../Engine/Content/Functions/Engine_MaterialFunctions02/Utility/BreakOutFloat3Components.uasset" 42
"../../../Engine/Content/Functions/Engine_MaterialFunctions02/ExampleContent/Textures/DebugNumberPeriod.uasset" 43
"../../../Engine/Content/Functions/Engine_MaterialFunctions02/ExampleContent/DebugNumberStrip.uasset" 44
"../../../Engine/Content/Functions/Engine_MaterialFunctions02/Utility/DebugScalarValues.uasset" 45
"../../../Engine/Content/Functions/Engine_MaterialFunctions02/Utility/DebugFloat3Values.uasset" 46
"../../../Engine/Content/Functions/Engine_MaterialFunctions02/Utility/MakeFloat3.uasset" 47
"../../../Engine/Content/Functions/Engine_MaterialFunctions02/Math/RGBtoHSV.uasset" 48
"../../../Engine/Content/Functions/Engine_MaterialFunctions02/Utility/BreakOutFloat4Components.uasset" 49
"../../../Engine/Content/Functions/Engine_MaterialFunctions02/Utility/DebugFloat4Values.uasset" 50
"../../../../../UnrealProjects/Noxel/Content/Materials/Debug/Plane.uasset" 51
"../../../../../UnrealProjects/Noxel/Content/Textures/Stripes.uasset" 52
"../../../../../UnrealProjects/Noxel/Content/Textures/Vertical.uasset" 53
"../../../../../UnrealProjects/Noxel/Content/Materials/Debug/SphereLines.uasset" 54
"../../../Engine/Content/Functions/Engine_MaterialFunctions02/Utility/Swizzle.uasset" 55
"../../../Engine/Content/Functions/Engine_MaterialFunctions02/Utility/VectorLength.uasset" 56
"../../../Engine/Content/Functions/Engine_MaterialFunctions01/Coordinates/DrawLine-2D.uasset" 57
"../../../../../UnrealProjects/Noxel/Content/Materials/Noxel/PanelPreview.uasset" 58
"../../../../../UnrealProjects/Noxel/Content/Materials/Noxel/PanelObstructed.uasset" 59
"../../../../../UnrealProjects/Noxel/Content/Textures/wireframe.uasset" 60
"../../../../../UnrealProjects/Noxel/Content/Materials/Noxel/PlasticWireframe.uasset" 61
"../../../../../UnrealProjects/Noxel/Content/Materials/PostProcess/PP_Debug.uasset" 62
"../../../../../UnrealProjects/Noxel/Content/Materials/PostProcess/PP_OutlineColored.uasset" 63
"../../../../../UnrealProjects/Noxel/Content/Materials/PostProcess/PP_OutlineColored_Inst.uasset" 64
"../../../../../UnrealProjects/Noxel/Content/NoxelEditor/Hangar/Materials/Panels.uasset" 65
"../../../../../UnrealProjects/Noxel/Content/Meshes/Export.uasset" 66
"../../../../../UnrealProjects/Noxel/Content/Materials/PlasticWireframe.uasset" 67
"../../../../../UnrealProjects/Noxel/Content/Meshes/IcoSphere.uasset" 68
"../../../../../UnrealProjects/Noxel/Content/Meshes/plane.uasset" 69
"../../../../../UnrealProjects/Noxel/Content/Materials/Noxel/Plastic.uasset" 70
"../../../../../UnrealProjects/Noxel/Content/Meshes/Nodes/Cube.uasset" 71
"../../../../../UnrealProjects/Noxel/Content/Meshes/Nodes/Octahedron.uasset" 72
"../../../../../UnrealProjects/Noxel/Content/NoxelEditor/Hangar/Materials/PanelsHangar.uasset" 73
"../../../../../UnrealProjects/Noxel/Content/NoxelEditor/Hangar/Meshes/Decoration/Rock1.uasset" 74
"../../../../../UnrealProjects/Noxel/Content/NoxelEditor/Hangar/Meshes/Decoration/Rock2.uasset" 75
"../../../../../UnrealProjects/Noxel/Content/NoxelEditor/Hangar/Meshes/Decoration/Rock3.uasset" 76
"../../../../../UnrealProjects/Noxel/Content/NoxelEditor/Hangar/Meshes/Decoration/Rock4.uasset" 77
"../../../../../UnrealProjects/Noxel/Content/NoxelEditor/Hangar/Meshes/Decoration/Rock6.uasset" 78
"../../../../../UnrealProjects/Noxel/Content/NoxelEditor/Hangar/UMG/I18N_HangarStringTable.uasset" 79
"../../../../../UnrealProjects/Noxel/Content/NoxelEditor/Macros/Meshes/Axes/Axes_Material.uasset" 80
"../../../../../UnrealProjects/Noxel/Content/NoxelEditor/Macros/Meshes/Axes/Axes_Rotate.uasset" 81
"../../../../../UnrealProjects/Noxel/Content/NoxelEditor/Macros/Meshes/Axes/Axes_Translate.uasset" 82
"../../../../../UnrealProjects/Noxel/Content/NoxelEditor/Macros/Textures/Connectors/Connector_I2C.uasset" 83
"../../../../../UnrealProjects/Noxel/Content/NoxelEditor/Macros/Textures/Connectors/Connector_PCI.uasset" 84
"../../../../../UnrealProjects/Noxel/Content/NoxelEditor/Macros/Textures/Connectors/Connector_PWM.uasset" 85
"../../../../../UnrealProjects/Noxel/Content/NoxelEditor/Macros/Textures/Connectors/PFI.uasset" 86
"../../../../../UnrealProjects/Noxel/Content/NoxelEditor/Misc/Default__HangarSimulation_C.uasset" 87
"../../../../../UnrealProjects/Noxel/Content/NoxelEditor/Misc/ForceSystem.uasset" 88
"../../../../../UnrealProjects/Noxel/Content/NoxelEditor/Misc/HangarSimulation.uasset" 89
"../../../../../UnrealProjects/Noxel/Content/NoxelEditor/Misc/HangarSimulation_C.uasset" 90
"../../../../../UnrealProjects/Noxel/Content/NoxelEditor/NObjects/I18N_NObjectsNameStringTable.uasset" 91
"../../../../../UnrealProjects/Noxel/Content/NoxelEditor/NObjects/NObjectsDataTable.uasset" 92
"../../../../../UnrealProjects/Noxel/Content/NoxelEditor/NObjects/NObjectDataTable.uasset" 93
"../../../../../UnrealProjects/Noxel/Content/NoxelEditor/NObjects/Meshes/LaserCube.uasset" 94
"../../../../../UnrealProjects/Noxel/Content/NoxelEditor/NObjects/Meshes/Server.uasset" 95
"../../../../../UnrealProjects/Noxel/Content/NoxelEditor/NObjects/Meshes/EDF/EDF_BladesBottom.uasset" 96
"../../../../../UnrealProjects/Noxel/Content/NoxelEditor/NObjects/Meshes/EDF/EDF_BladesTop.uasset" 97
"../../../../../UnrealProjects/Noxel/Content/NoxelEditor/NObjects/Meshes/EDF/EDF_Body.uasset" 98
"../../../../../UnrealProjects/Noxel/Content/NoxelEditor/NObjects/Meshes/Wheel/Wheel_Skeleton.uasset" 99
"../../../../../UnrealProjects/Noxel/Content/NoxelEditor/NObjects/Meshes/Wheel/Wheel_PhysicsAsset.uasset" 100
"../../../../../UnrealProjects/Noxel/Content/NoxelEditor/NObjects/Meshes/Wheel/Wheel.uasset" 101
"../../../../../UnrealProjects/Noxel/Content/NoxelEditor/NObjects/Meshes/Wheel/Wheel_Skeleton_AnimBlueprint.uasset" 102
"../../../../../UnrealProjects/Noxel/Content/NoxelEditor/NObjects/Textures/NObject_DroneController.uasset" 103
"../../../../../UnrealProjects/Noxel/Content/NoxelEditor/NObjects/Textures/NObject_Propeller.uasset" 104
"../../../../../UnrealProjects/Noxel/Content/NoxelEditor/NObjects/Textures/NObject_RemoteController.uasset" 105
"../../../../../UnrealProjects/Noxel/Content/NoxelEditor/NObjects/Textures/NObject_Rock.uasset" 106
"../../../../../UnrealProjects/Noxel/Content/NoxelEditor/NObjects/Textures/NObject_TextureRenderTarget2D.uasset" 107
"../../../../../UnrealProjects/Noxel/Content/NoxelEditor/PlayerEditor/EditorUI.uasset" 108
"../../../Engine/Content/EngineFonts/Faces/RobotoRegular.uasset" 109
"../../../Engine/Content/EngineFonts/Faces/RobotoLight.uasset" 110
"../../../Engine/Content/EngineFonts/Faces/RobotoItalic.uasset" 111
"../../../Engine/Content/EngineFonts/Faces/RobotoBoldItalic.uasset" 112
"../../../Engine/Content/EngineFonts/Faces/RobotoBold.uasset" 113
"../../../Engine/Content/EngineFonts/Faces/DroidSansFallback.uasset" 114
"../../../Engine/Content/EngineFonts/Roboto.uasset" 115
"../../../../../UnrealProjects/Noxel/Content/Textures/Arial.uasset" 116
"../../../../../UnrealProjects/Noxel/Content/Textures/Missing_texture.uasset" 117
"../../../../../UnrealProjects/Noxel/Content/UMG/SettingsBrowser/U_AudioSettings.uasset" 118
"../../../../../UnrealProjects/Noxel/Content/UMG/SettingsBrowser/U_KeybindsSettings.uasset" 119
"../../../../../UnrealProjects/Noxel/Content/UMG_Theme/UMGCollection.uasset" 120
"../../../../../UnrealProjects/Noxel/Content/UMG_Theme/Button/UMG_ButtonMaterial.uasset" 121
"../../../../../UnrealProjects/Noxel/Content/UMG_Theme/Button/UMG_ButtonDefault.uasset" 122
"../../../../../UnrealProjects/Noxel/Content/UMG_Theme/Button/UMG_ButtonPressed.uasset" 123
"../../../../../UnrealProjects/Noxel/Content/UMG_Theme/Button/UMG_ButtonHovered.uasset" 124
"../../../../../UnrealProjects/Noxel/Content/UMG_Theme/UMG_Theme.uasset" 125
"../../../Engine/Content/ArtTools/RenderToTexture/Meshes/S_1_Unit_Plane.uasset" 126
"../../../Engine/Content/BasicShapes/Cone.uasset" 127
"../../../Engine/Content/BasicShapes/Cube.uasset" 128
"../../../Engine/Content/EditorLandscapeResources/DataLayer.uasset" 129
"../../../Engine/Content/EditorLandscapeResources/DefaultAlphaTexture.uasset" 130
"../../../Engine/Content/EditorMaterials/MAT_Groups_Toggle.uasset" 131
"../../../Engine/Content/EditorMaterials/MAT_Groups_Visibility.uasset" 132
"../../../Engine/Content/EditorMaterials/PreviewShadowIndicator.uasset" 133
"../../../Engine/Content/EditorMaterials/PreviewShadowIndicatorMaterial.uasset" 134
"../../../Engine/Content/EditorMaterials/MatineeGroups/MAT_ColorTrack.uasset" 135
"../../../Engine/Content/EditorMaterials/MatineeGroups/MAT_Groups_Anim.uasset" 136
"../../../Engine/Content/EditorMaterials/MatineeGroups/MAT_Groups_AudioMaster.uasset" 137
"../../../Engine/Content/EditorMaterials/MatineeGroups/MAT_Groups_Director.uasset" 138
"../../../Engine/Content/EditorMaterials/MatineeGroups/MAT_Groups_Event.uasset" 139
"../../../Engine/Content/EditorMaterials/MatineeGroups/MAT_Groups_Fade.uasset" 140
"../../../Engine/Content/EditorMaterials/MatineeGroups/MAT_Groups_Float.uasset" 141
"../../../Engine/Content/EditorMaterials/MatineeGroups/MAT_Groups_Move.uasset" 142
"../../../Engine/Content/EditorMaterials/MatineeGroups/MAT_Groups_Slomo.uasset" 143
"../../../Engine/Content/EditorMaterials/MatineeGroups/MAT_Groups_Sound.uasset" 144
"../../../Engine/Content/EditorMaterials/MatineeGroups/MAT_Groups_Vector.uasset" 145
"../../../Engine/Content/EditorMaterials/ParticleSystems/PSysThumbnail_NoImage.uasset" 146
"../../../Engine/Content/EditorMaterials/ParticleSystems/PSysThumbnail_OOD.uasset" 147
"../../../Engine/Content/EditorMaterials/Camera/CineMat.uasset" 148
"../../../Engine/Content/EditorMaterials/Camera/MI_CineMat_Rig.uasset" 149
"../../../Engine/Content/EditorMeshes/Camera/SM_CraneRig_Arm.uasset" 150
"../../../Engine/Content/EditorMeshes/Camera/SM_CraneRig_Base.uasset" 151
"../../../Engine/Content/EditorMeshes/Camera/SM_CraneRig_Body.uasset" 152
"../../../Engine/Content/EditorMeshes/Camera/SM_CraneRig_Mount.uasset" 153
"../../../Engine/Content/EditorMeshes/Camera/SM_RailRig_Mount.uasset" 154
"../../../Engine/Content/EditorMeshes/Camera/SM_RailRig_Track.uasset" 155
"../../../Engine/Content/EditorResources/BSPVertex.uasset" 156
"../../../Engine/Content/EditorResources/EmptyActor.uasset" 157
"../../../Engine/Content/EditorResources/S_Actor.uasset" 158
"../../../Engine/Content/EditorResources/S_Note.uasset" 159
"../../../Engine/Content/EditorResources/S_Solver.uasset" 160
"../../../Engine/Content/EditorResources/S_Terrain.uasset" 161
"../../../Engine/Content/EditorResources/S_Trigger.uasset" 162
"../../../Engine/Content/EditorResources/LightIcons/S_LightError.uasset" 163
"../../../Engine/Content/EditorResources/SequenceRecorder/Countdown.uasset" 164
"../../../Engine/Content/EditorResources/SequenceRecorder/RecordingIndicator.uasset" 165
"../../../Engine/Content/EngineDamageTypes/DmgTypeBP_Environmental.uasset" 166
"../../../Engine/Content/EngineDebugMaterials/DebugEditorMaterial.uasset" 167
"../../../Engine/Content/EngineDebugMaterials/DebugMeshMaterial.uasset" 168
"../../../Engine/Content/EngineDebugMaterials/M_SimpleUnlitTranslucent.uasset" 169
"../../../Engine/Content/Functions/Engine_MaterialFunctions02/Utility/CameraDirectionVector.uasset" 170
"../../../Engine/Content/EngineDebugMaterials/VolumeToRender.uasset" 171
"../../../Engine/Content/EngineDebugMaterials/M_VolumeRenderSphereTracePP.uasset" 172
"../../../Engine/Content/EngineMaterials/BaseFlattenNormalMap.uasset" 173
"../../../Engine/Content/EngineMaterials/BaseFlattenGrayscaleMap.uasset" 174
"../../../Engine/Content/EngineMaterials/BaseFlattenEmissiveMap.uasset" 175
"../../../Engine/Content/EngineMaterials/BaseFlattenDiffuseMap.uasset" 176
"../../../Engine/Content/EngineMaterials/BaseFlattenMaterial.uasset" 177
"../../../Engine/Content/EngineMaterials/BlueNoise.uasset" 178
"../../../Engine/Content/EngineMaterials/DefaultBloomKernel.uasset" 179
"../../../Engine/Content/EngineMaterials/DefaultBokeh.uasset" 180
"../../../Engine/Content/EngineMaterials/DefaultDeferredDecalMaterial.uasset" 181
"../../../Engine/Content/EngineMaterials/DefaultLightFunctionMaterial.uasset" 182
"../../../Engine/Content/EngineMaterials/DefaultPhysicalMaterial.uasset" 183
"../../../Engine/Content/Functions/Engine_MaterialFunctions02/Utility/BreakOutFloat2Components.uasset" 184
"../../../Engine/Content/EngineMaterials/DefaultPostProcessMaterial.uasset" 185
"../../../Engine/Content/EngineFonts/RobotoDistanceField.uasset" 186
"../../../Engine/Content/EngineMaterials/DefaultTextMaterialOpaque.uasset" 187
"../../../Engine/Content/EngineMaterials/DefaultWhiteGrid.uasset" 188
"../../../Engine/Content/EngineMaterials/DefaultWhiteGrid_Low.uasset" 189
"../../../Engine/Content/EngineMaterials/EmissiveMeshMaterial.uasset" 190
"../../../Engine/Content/EngineMaterials/GizmoMaterial.uasset" 191
"../../../Engine/Content/EngineMaterials/Good64x64TilingNoiseHighFreq.uasset" 192
"../../../Engine/Content/EngineMaterials/MiniFont.uasset" 193
"../../../Engine/Content/EngineMaterials/InvalidLightmapSettings.uasset" 194
"../../../Engine/Content/EngineMaterials/M_InvalidLightmapSettings.uasset" 195
"../../../Engine/Content/Functions/Engine_MaterialFunctions02/WorldPositionOffset/CameraOffset.uasset" 196
"../../../Engine/Content/EngineMaterials/PhAT_JointLimitMaterial.uasset" 197
"../../../Engine/Content/EngineMaterials/PreintegratedSkinBRDF.uasset" 198
"../../../Engine/Content/EngineMaterials/RemoveSurfaceMaterial.uasset" 199
"../../../Engine/Content/EngineMaterials/WeightMapPlaceholderTexture.uasset" 200
"../../../Engine/Content/EngineResources/WhiteSquareTexture.uasset" 201
"../../../Engine/Content/EngineMaterials/Widget3DPassThrough.uasset" 202
"../../../Engine/Content/EngineMaterials/Widget3DPassThrough_Masked.uasset" 203
"../../../Engine/Content/EngineMaterials/Widget3DPassThrough_Opaque.uasset" 204
"../../../Engine/Content/EngineMaterials/Widget3DPassThrough_Masked_OneSided.uasset" 205
"../../../Engine/Content/EngineMaterials/Widget3DPassThrough_Opaque_OneSided.uasset" 206
"../../../Engine/Content/EngineMaterials/Widget3DPassThrough_Translucent.uasset" 207
"../../../Engine/Content/EngineMaterials/Widget3DPassThrough_Translucent_OneSided.uasset" 208
"../../../Engine/Content/EngineMeshes/Cylinder.uasset" 209
"../../../Engine/Content/EngineMeshes/Sphere.uasset" 210
"../../../Engine/Content/EngineResources/Black.uasset" 211
"../../../Engine/Content/EngineResources/DefaultTexture.uasset" 212
"../../../Engine/Content/EngineResources/DefaultTextureCube.uasset" 213
"../../../Engine/Content/EngineResources/DefaultVolumeTexture2D.uasset" 214
"../../../Engine/Content/EngineResources/DefaultVolumeTexture.uasset" 215
"../../../Engine/Content/EngineResources/GradientTexture0.uasset" 216
"../../../Engine/Content/EngineSky/VolumetricClouds/CloudWeatherTexture.uasset" 217
"../../../Engine/Content/EngineSky/VolumetricClouds/CloudGradientTexture.uasset" 218
"../../../Engine/Content/EngineSky/VolumetricClouds/T_NoiseShape64.uasset" 219
"../../../Engine/Content/EngineSky/VolumetricClouds/T_VolumeNoiseShape64.uasset" 220
"../../../Engine/Content/EngineSky/VolumetricClouds/T_NoiseErosion.uasset" 221
"../../../Engine/Content/EngineSky/VolumetricClouds/T_VolumeNoiseErosion32.uasset" 222
"../../../Engine/Content/Functions/Engine_MaterialFunctions02/Utility/MakeFloat2.uasset" 223
"../../../Engine/Content/EngineSky/VolumetricClouds/m_SimpleVolumetricCloud.uasset" 224
"../../../Engine/Content/EngineSky/VolumetricClouds/m_SimpleVolumetricCloud_Inst.uasset" 225
"../../../Engine/Content/EngineSounds/Master.uasset" 226
"../../../Engine/Content/Functions/Engine_MaterialFunctions01/Shading/ConvertFromDiffSpec.uasset" 227
"../../../Engine/Content/Functions/Engine_MaterialFunctions01/Shading/PowerToRoughness.uasset" 228
"../../../Engine/Content/Maps/Templates/Thumbnails/Default.uasset" 229
"../../../Engine/Content/Maps/Templates/Thumbnails/TimeOfDay.uasset" 230
"../../../Engine/Content/Maps/Templates/Thumbnails/VR-Basic.uasset" 231
"../../../Engine/Content/MobileResources/T_MobileControls_texture.uasset" 232
"../../../Engine/Content/MobileResources/T_MobileMenu2.uasset" 233
"../../../Engine/Content/MobileResources/HUD/AnalogHat.uasset" 234
"../../../Engine/Content/MobileResources/HUD/VirtualJoystick_Thumb.uasset" 235
"../../../Engine/Content/MobileResources/HUD/VirtualJoystick_Background.uasset" 236
"../../../Engine/Content/MobileResources/HUD/DefaultVirtualJoysticks.uasset" 237
"../../../Engine/Content/MobileResources/HUD/LeftVirtualJoystickOnly.uasset" 238
"../../../Engine/Content/MobileResources/HUD/MobileHUDButton1_off.uasset" 239
"../../../Engine/Content/MobileResources/HUD/MobileHUDButton1_on.uasset" 240
"../../../Engine/Content/MobileResources/HUD/MobileHUDButton2_off.uasset" 241
"../../../Engine/Content/MobileResources/HUD/MobileHUDButton2_on.uasset" 242
"../../../Engine/Content/MobileResources/HUD/MobileHUDButton3.uasset" 243
"../../../Engine/Content/MobileResources/HUD/MobileHUDButtonFire.uasset" 244
"../../../Engine/Content/MobileResources/HUD/MobileHUDDirectionPad.uasset" 245
"../../../Engine/Content/MobileResources/HUD/MobileHUDDirectionPad2.uasset" 246
"../../../Engine/Content/MobileResources/HUD/MobileHUDDirectionPad3.uasset" 247
"../../../Engine/Content/MobileResources/HUD/MobileHUDDirectionStick.uasset" 248
"../../../Engine/Content/MobileResources/HUD/T_Castle_ThumbstickInner.uasset" 249
"../../../Engine/Content/MobileResources/HUD/T_Castle_ThumbstickOutter.uasset" 250
"../../../Engine/Content/Tutorial/ContentIntroCurve.uasset" 251
"../../../Engine/Content/Tutorial/Basics/LevelEditorAttract.uasset" 252
"../../../Engine/Content/Tutorial/Basics/TutorialAssets/icon_tab_Levels_40x.uasset" 253
"../../../Engine/Content/Tutorial/Basics/LevelEditorOverview.uasset" 254
"../../../Engine/Content/VREditor/TransformGizmo/TranslucentTransformGizmoMaterial.uasset" 255
"../../../Engine/Content/VREditor/LaserPointer/VR_LaserPower_01.uasset" 256
"../../../Engine/Content/VREditor/TransformGizmo/TransformGizmoMaterial.uasset" 257
"../../../Engine/Content/VREditor/TransformGizmo/BoundingBoxCorner.uasset" 258
"../../../Engine/Content/VREditor/TransformGizmo/BoundingBoxEdge.uasset" 259
"../../../Engine/Content/VREditor/TransformGizmo/PlaneTranslationHandle.uasset" 260
"../../../Engine/Content/VREditor/TransformGizmo/Xray.uasset" 261
"../../../Engine/Content/VREditor/TransformGizmo/Main.uasset" 262
"../../../Engine/Content/VREditor/TransformGizmo/SM_Sequencer_Key.uasset" 263
"../../../Engine/Content/VREditor/TransformGizmo/SM_Sequencer_Node.uasset" 264
"../../../Engine/Content/ArtTools/RenderToTexture/Materials/Debug/M_Emissive_Color.uasset" 265
"../../../Engine/Content/BasicShapes/Cylinder.uasset" 266
"../../Plugins/Lumin/MagicLeapPassableWorld/Content/MagicLeapARPinInfoActor.uasset" 267
"../../../../../UnrealProjects/Noxel/Content/MainMenu/MainMenu_Mat.uasset" 268
"../../../../../UnrealProjects/Noxel/Content/Meshes/Plane_32_32.uasset" 269
"../../../../../UnrealProjects/Noxel/Content/MainMenu/MainMenu_BuiltData.uasset" 270
"../../../../../UnrealProjects/Noxel/Content/UMG/SessionBrowser/U_SessionDataObject.uasset" 271
"../../../../../UnrealProjects/Noxel/Content/UMG/SessionBrowser/I18N_SessionStringTable.uasset" 272
"../../../../../UnrealProjects/Noxel/Content/UMG/SessionBrowser/U_SessionBanner.uasset" 273
"../../../../../UnrealProjects/Noxel/Content/UMG/I18N_MenuNavigationStringTable.uasset" 274
"../../../../../UnrealProjects/Noxel/Content/UMG/SessionBrowser/U_SessionBrowser.uasset" 275
"../../../../../UnrealProjects/Noxel/Content/UMG/SettingsBrowser/U_SettingSlider.uasset" 276
"../../../../../UnrealProjects/Noxel/Content/UMG/SettingsBrowser/U_SettingCheckbox.uasset" 277
"../../../../../UnrealProjects/Noxel/Content/UMG/SettingsBrowser/U_SettingDropdown.uasset" 278
"../../../../../UnrealProjects/Noxel/Content/UMG/SettingsBrowser/I18N_GraphicsSettings.uasset" 279
"../../../../../UnrealProjects/Noxel/Content/UMG/SettingsBrowser/U_GraphicsSettings.uasset" 280
"../../../../../UnrealProjects/Noxel/Content/UMG/SettingsBrowser/U_Settings.uasset" 281
"../../../../../UnrealProjects/Noxel/Content/Textures/NoxelLogo.uasset" 282
"../../../../../UnrealProjects/Noxel/Content/MainMenu/MainMenuUI.uasset" 283
"../../../../../UnrealProjects/Noxel/Content/MainMenu/MainMenuPawn.uasset" 284
"../../../../../UnrealProjects/Noxel/Content/MainMenu/MainMenuGamemode.uasset" 285
"../../../../../UnrealProjects/Noxel/Content/MainMenu/MainMenu.umap" 286
"../../../../../UnrealProjects/Noxel/Content/NoxelEditor/BuilderSimulation_BuiltData.uasset" 287
"../../../../../UnrealProjects/Noxel/Content/Materials/Voxel.uasset" 288
"../../../../../UnrealProjects/Noxel/Content/NoxelEditor/Macros/MacrosData.uasset" 289
"../../../../../UnrealProjects/Noxel/Content/NoxelEditor/Macros/MacroElement.uasset" 290
"../../../../../UnrealProjects/Noxel/Content/NoxelEditor/Macros/MacrosSelector.uasset" 291
"../../../../../UnrealProjects/Noxel/Content/NoxelEditor/Hangar/UMG/SettingsSlider.uasset" 292
"../../../../../UnrealProjects/Noxel/Content/NoxelEditor/Hangar/UMG/SettingsMenu.uasset" 293
"../../../../../UnrealProjects/Noxel/Content/NoxelEditor/Hangar/UMG/SessionBanner.uasset" 294
"../../../../../UnrealProjects/Noxel/Content/NoxelEditor/Hangar/UMG/MultiplayerMenu.uasset" 295
"../../../../../UnrealProjects/Noxel/Content/Textures/Mouse.uasset" 296
"../../../../../UnrealProjects/Noxel/Content/NoxelEditor/Hangar/UMG/MouseShortcuts.uasset" 297
"../../../../../UnrealProjects/Noxel/Content/UMG_Theme/Textures/StripesDiagonalBackground.uasset" 298
"../../../../../UnrealProjects/Noxel/Content/UMG_Theme/Textures/Separator.uasset" 299
"../../../../../UnrealProjects/Noxel/Content/UMG_Theme/Textures/CloseCross.uasset" 300
"../../../../../UnrealProjects/Noxel/Content/UMG_Theme/UMG_Window.uasset" 301
"../../../../../UnrealProjects/Noxel/Content/NoxelEditor/Hangar/UMG/SaveCraftName.uasset" 302
"../../../../../UnrealProjects/Noxel/Content/NoxelEditor/Hangar/UMG/CraftBanner.uasset" 303
"../../../../../UnrealProjects/Noxel/Content/NoxelEditor/Hangar/UMG/CraftMenu.uasset" 304
"../../../../../UnrealProjects/Noxel/Content/NoxelEditor/Hangar/UMG/HangarLeftScreen.uasset" 305
"../../../../../UnrealProjects/Noxel/Content/NoxelEditor/Hangar/UMG/HangarCraftInfo.uasset" 306
"../../../../../UnrealProjects/Noxel/Content/NoxelEditor/Hangar/Materials/FacesHangar.uasset" 307
"../../../../../UnrealProjects/Noxel/Content/NoxelEditor/Hangar/Materials/Light.uasset" 308
"../../../../../UnrealProjects/Noxel/Content/NoxelEditor/Hangar/Hangar.uasset" 309
"../../../../../UnrealProjects/Noxel/Content/NoxelEditor/Hangar/HangarSimulation.uasset" 310
"../../../../../UnrealProjects/Noxel/Content/NoxelEditor/BuilderSimulation.umap" 311
"../../../../../UnrealProjects/Noxel/Content/NoxelEditor/SystemsTest_BuiltData.uasset" 312
"../../../../../UnrealProjects/Noxel/Content/NoxelEditor/SystemsTest.umap" 313
"../../../Engine/Content/Maps/Entry_BuiltData.uasset" 314
"../../../Engine/Content/Maps/Entry.umap" 315
